#
# There is insufficient memory for the Java Runtime Environment to continue.
# Native memory allocation (malloc) failed to allocate 32756 bytes for ChunkPool::allocate
# Possible reasons:
#   The system is out of physical RAM or swap space
#   In 32 bit mode, the process size limit was hit
# Possible solutions:
#   Reduce memory load on the system
#   Increase physical memory or swap space
#   Check if swap backing store is full
#   Use 64 bit Java on a 64 bit OS
#   Decrease Java heap size (-Xmx/-Xms)
#   Decrease number of Java threads
#   Decrease Java thread stack sizes (-Xss)
#   Set larger code cache with -XX:ReservedCodeCacheSize=
# This output file may be truncated or incomplete.
#
#  Out of Memory Error (allocation.cpp:273), pid=15184, tid=0x00001ad4
#
# JRE version: Java(TM) SE Runtime Environment (8.0_111-b14) (build 1.8.0_111-b14)
# Java VM: Java HotSpot(TM) Client VM (25.111-b14 mixed mode windows-x86 )
# Failed to write core dump. Minidumps are not enabled by default on client versions of Windows
#

---------------  T H R E A D  ---------------

Current thread (0x1549b800):  JavaThread "C1 CompilerThread0" daemon [_thread_in_native, id=6868, stack(0x15990000,0x159e0000)]

Stack: [0x15990000,0x159e0000],  sp=0x159deba4,  free space=314k
Native frames: (J=compiled Java code, j=interpreted, Vv=VM code, C=native code)
V  [jvm.dll+0x1aa2bb]
V  [jvm.dll+0x1a2ac8]
V  [jvm.dll+0x8c5e1]
V  [jvm.dll+0x8c7bd]
V  [jvm.dll+0x8cc37]
V  [jvm.dll+0xa4654]
V  [jvm.dll+0x1a17eb]
V  [jvm.dll+0x29d55c]
V  [RPCRT4.dll+0x29faa8]
V  [jvm.dll+0x29fbe1]
V  [verify.dll+0x29fdb1]
V  [WINMMBASE.dll+0x2a36c7]
V  [VERSION.dll+0x2a3cf7]
V  [jvm.dll+0x2a52c3]
V  [jvm.dll+0x289b09]
V  [jvm.dll+0x289bda]
V  [jvm.dll+0x289d48]
V  [jvm.dll+0x289fc2]
V  [jvm.dll+0x7001a]
V  [jvm.dll+0x707cf]
V  [jvm.dll+0x17d6f0]
V  [jvm.dll+0x17df6a]
V  [jvm.dll+0x1c29c6]
C  [msvcr100.dll+0x5c556]
C  [msvcr100.dll+0x5c600]
C  [KERNEL32.DLL+0x162c4]
C  [ntdll.dll+0x60fd9]
C  [ntdll.dll+0x60fa4]
C  0x00000000


Current CompileTask:
C1:   1471  511   !         javafx.scene.CssStyleHelper::transitionToState (1075 bytes)


---------------  P R O C E S S  ---------------

Java Threads: ( => current thread )
  0x1a48d800 JavaThread "Prism Font Disposer" daemon [_thread_blocked, id=8120, stack(0x1c6b0000,0x1c700000)]
  0x1a30c000 JavaThread "BluecoveAsynchronousShutdownThread" daemon [_thread_blocked, id=16392, stack(0x1a8f0000,0x1a940000)]
  0x1a2c1000 JavaThread "JavaFX-Launcher" [_thread_blocked, id=16652, stack(0x1a830000,0x1a880000)]
  0x15637c00 JavaThread "Thread-3" [_thread_in_native, id=17196, stack(0x1a690000,0x1a6e0000)]
  0x1565e800 JavaThread "Thread-2" daemon [_thread_in_native, id=16496, stack(0x1a600000,0x1a650000)]
  0x1560e800 JavaThread "JavaFX Application Thread" [_thread_in_Java, id=7232, stack(0x15d80000,0x15dd0000)]
  0x1560ac00 JavaThread "Thread-1" daemon [_thread_blocked, id=14528, stack(0x15cf0000,0x15d40000)]
  0x155ef400 JavaThread "QuantumRenderer-0" daemon [_thread_blocked, id=12272, stack(0x15b40000,0x15b90000)]
  0x15490800 JavaThread "Service Thread" daemon [_thread_blocked, id=11320, stack(0x15a20000,0x15a70000)]
=>0x1549b800 JavaThread "C1 CompilerThread0" daemon [_thread_in_native, id=6868, stack(0x15990000,0x159e0000)]
  0x1549a800 JavaThread "Attach Listener" daemon [_thread_blocked, id=15056, stack(0x15900000,0x15950000)]
  0x15498800 JavaThread "Signal Dispatcher" daemon [_thread_blocked, id=16668, stack(0x15870000,0x158c0000)]
  0x1547ac00 JavaThread "Finalizer" daemon [_thread_blocked, id=9904, stack(0x156f0000,0x15740000)]
  0x15465000 JavaThread "Reference Handler" daemon [_thread_blocked, id=4248, stack(0x15660000,0x156b0000)]
  0x0117d000 JavaThread "main" [_thread_blocked, id=15952, stack(0x014c0000,0x01510000)]

Other Threads:
  0x02e0e400 VMThread [stack: 0x04f60000,0x04fb0000] [id=5644]
  0x15495800 WatcherThread [stack: 0x15ab0000,0x15b00000] [id=9224]

VM state:not at safepoint (normal execution)

VM Mutex/Monitor currently owned by a thread: None

Heap:
 def new generation   total 4928K, used 2613K [0x05000000, 0x05550000, 0x0a550000)
  eden space 4416K,  50% used [0x05000000, 0x0522de58, 0x05450000)
  from space 512K,  74% used [0x05450000, 0x054af670, 0x054d0000)
  to   space 512K,   0% used [0x054d0000, 0x054d0000, 0x05550000)
 tenured generation   total 10944K, used 3325K [0x0a550000, 0x0b000000, 0x15000000)
   the space 10944K,  30% used [0x0a550000, 0x0a88f580, 0x0a88f600, 0x0b000000)
 Metaspace       used 9744K, capacity 10201K, committed 10240K, reserved 10624K

Card table byte_map: [0x04e90000,0x04f20000] byte_map_base: 0x04e68000

Polling page: 0x01530000

CodeCache: size=32768Kb used=1401Kb max_used=1401Kb free=31366Kb
 bounds [0x02e90000, 0x02ff0000, 0x04e90000]
 total_blobs=877 nmethods=508 adapters=300
 compilation: enabled

Compilation events (10 events):
Event: 1.442 Thread 0x1549b800 nmethod 506 0x02fec448 code [0x02fec550, 0x02fec66c]
Event: 1.444 Thread 0x1549b800  507             com.sun.javafx.css.BitSet::addAll (338 bytes)
Event: 1.445 Thread 0x1549b800 nmethod 507 0x02fec7c8 code [0x02fec920, 0x02fecee4]
Event: 1.445 Thread 0x1549b800  508             javafx.css.CssMetaData::hashCode (28 bytes)
Event: 1.445 Thread 0x1549b800 nmethod 508 0x02fed648 code [0x02fed750, 0x02fed7fc]
Event: 1.446 Thread 0x1549b800  509             javafx.css.ParsedValue::getValue (5 bytes)
Event: 1.446 Thread 0x1549b800 nmethod 509 0x02fed888 code [0x02fed980, 0x02feda00]
Event: 1.446 Thread 0x1549b800  510             com.sun.javafx.css.ParsedValueImpl::containsFontRelativeSize (237 bytes)
Event: 1.447 Thread 0x1549b800 nmethod 510 0x02feda48 code [0x02fedb90, 0x02fedef4]
Event: 1.447 Thread 0x1549b800  511   !         javafx.scene.CssStyleHelper::transitionToState (1075 bytes)

GC Heap History (10 events):
Event: 0.599 GC heap before
{Heap before GC invocations=1 (full 0):
 def new generation   total 4928K, used 4928K [0x05000000, 0x05550000, 0x0a550000)
  eden space 4416K, 100% used [0x05000000, 0x05450000, 0x05450000)
  from space 512K, 100% used [0x054d0000, 0x05550000, 0x05550000)
  to   space 512K,   0% used [0x05450000, 0x05450000, 0x054d0000)
 tenured generation   total 10944K, used 161K [0x0a550000, 0x0b000000, 0x15000000)
   the space 10944K,   1% used [0x0a550000, 0x0a5786a0, 0x0a578800, 0x0b000000)
 Metaspace       used 4606K, capacity 4891K, committed 4992K, reserved 5504K
Event: 0.605 GC heap after
Heap after GC invocations=2 (full 0):
 def new generation   total 4928K, used 512K [0x05000000, 0x05550000, 0x0a550000)
  eden space 4416K,   0% used [0x05000000, 0x05000000, 0x05450000)
  from space 512K, 100% used [0x05450000, 0x054d0000, 0x054d0000)
  to   space 512K,   0% used [0x054d0000, 0x054d0000, 0x05550000)
 tenured generation   total 10944K, used 1123K [0x0a550000, 0x0b000000, 0x15000000)
   the space 10944K,  10% used [0x0a550000, 0x0a668eb0, 0x0a669000, 0x0b000000)
 Metaspace       used 4606K, capacity 4891K, committed 4992K, reserved 5504K
}
Event: 0.776 GC heap before
{Heap before GC invocations=2 (full 0):
 def new generation   total 4928K, used 4928K [0x05000000, 0x05550000, 0x0a550000)
  eden space 4416K, 100% used [0x05000000, 0x05450000, 0x05450000)
  from space 512K, 100% used [0x05450000, 0x054d0000, 0x054d0000)
  to   space 512K,   0% used [0x054d0000, 0x054d0000, 0x05550000)
 tenured generation   total 10944K, used 1123K [0x0a550000, 0x0b000000, 0x15000000)
   the space 10944K,  10% used [0x0a550000, 0x0a668eb0, 0x0a669000, 0x0b000000)
 Metaspace       used 6214K, capacity 6504K, committed 6528K, reserved 6528K
Event: 0.780 GC heap after
Heap after GC invocations=3 (full 0):
 def new generation   total 4928K, used 511K [0x05000000, 0x05550000, 0x0a550000)
  eden space 4416K,   0% used [0x05000000, 0x05000000, 0x05450000)
  from space 512K,  99% used [0x054d0000, 0x0554ff68, 0x05550000)
  to   space 512K,   0% used [0x05450000, 0x05450000, 0x054d0000)
 tenured generation   total 10944K, used 1468K [0x0a550000, 0x0b000000, 0x15000000)
   the space 10944K,  13% used [0x0a550000, 0x0a6bf240, 0x0a6bf400, 0x0b000000)
 Metaspace       used 6214K, capacity 6504K, committed 6528K, reserved 6528K
}
Event: 0.949 GC heap before
{Heap before GC invocations=3 (full 0):
 def new generation   total 4928K, used 4927K [0x05000000, 0x05550000, 0x0a550000)
  eden space 4416K, 100% used [0x05000000, 0x05450000, 0x05450000)
  from space 512K,  99% used [0x054d0000, 0x0554ff68, 0x05550000)
  to   space 512K,   0% used [0x05450000, 0x05450000, 0x054d0000)
 tenured generation   total 10944K, used 1468K [0x0a550000, 0x0b000000, 0x15000000)
   the space 10944K,  13% used [0x0a550000, 0x0a6bf240, 0x0a6bf400, 0x0b000000)
 Metaspace       used 7076K, capacity 7400K, committed 7424K, reserved 7552K
Event: 0.955 GC heap after
Heap after GC invocations=4 (full 0):
 def new generation   total 4928K, used 512K [0x05000000, 0x05550000, 0x0a550000)
  eden space 4416K,   0% used [0x05000000, 0x05000000, 0x05450000)
  from space 512K, 100% used [0x05450000, 0x054d0000, 0x054d0000)
  to   space 512K,   0% used [0x054d0000, 0x054d0000, 0x05550000)
 tenured generation   total 10944K, used 2497K [0x0a550000, 0x0b000000, 0x15000000)
   the space 10944K,  22% used [0x0a550000, 0x0a7c0508, 0x0a7c0600, 0x0b000000)
 Metaspace       used 7076K, capacity 7400K, committed 7424K, reserved 7552K
}
Event: 1.193 GC heap before
{Heap before GC invocations=4 (full 0):
 def new generation   total 4928K, used 4928K [0x05000000, 0x05550000, 0x0a550000)
  eden space 4416K, 100% used [0x05000000, 0x05450000, 0x05450000)
  from space 512K, 100% used [0x05450000, 0x054d0000, 0x054d0000)
  to   space 512K,   0% used [0x054d0000, 0x054d0000, 0x05550000)
 tenured generation   total 10944K, used 2497K [0x0a550000, 0x0b000000, 0x15000000)
   the space 10944K,  22% used [0x0a550000, 0x0a7c0508, 0x0a7c0600, 0x0b000000)
 Metaspace       used 8219K, capacity 8561K, committed 8576K, reserved 8576K
Event: 1.198 GC heap after
Heap after GC invocations=5 (full 0):
 def new generation   total 4928K, used 365K [0x05000000, 0x05550000, 0x0a550000)
  eden space 4416K,   0% used [0x05000000, 0x05000000, 0x05450000)
  from space 512K,  71% used [0x054d0000, 0x0552b660, 0x05550000)
  to   space 512K,   0% used [0x05450000, 0x05450000, 0x054d0000)
 tenured generation   total 10944K, used 2996K [0x0a550000, 0x0b000000, 0x15000000)
   the space 10944K,  27% used [0x0a550000, 0x0a83d128, 0x0a83d200, 0x0b000000)
 Metaspace       used 8219K, capacity 8561K, committed 8576K, reserved 8576K
}
Event: 1.364 GC heap before
{Heap before GC invocations=5 (full 0):
 def new generation   total 4928K, used 4781K [0x05000000, 0x05550000, 0x0a550000)
  eden space 4416K, 100% used [0x05000000, 0x05450000, 0x05450000)
  from space 512K,  71% used [0x054d0000, 0x0552b660, 0x05550000)
  to   space 512K,   0% used [0x05450000, 0x05450000, 0x054d0000)
 tenured generation   total 10944K, used 2996K [0x0a550000, 0x0b000000, 0x15000000)
   the space 10944K,  27% used [0x0a550000, 0x0a83d128, 0x0a83d200, 0x0b000000)
 Metaspace       used 9290K, capacity 9684K, committed 9728K, reserved 10624K
Event: 1.368 GC heap after
Heap after GC invocations=6 (full 0):
 def new generation   total 4928K, used 381K [0x05000000, 0x05550000, 0x0a550000)
  eden space 4416K,   0% used [0x05000000, 0x05000000, 0x05450000)
  from space 512K,  74% used [0x05450000, 0x054af670, 0x054d0000)
  to   space 512K,   0% used [0x054d0000, 0x054d0000, 0x05550000)
 tenured generation   total 10944K, used 3325K [0x0a550000, 0x0b000000, 0x15000000)
   the space 10944K,  30% used [0x0a550000, 0x0a88f580, 0x0a88f600, 0x0b000000)
 Metaspace       used 9290K, capacity 9684K, committed 9728K, reserved 10624K
}

Deoptimization events (0 events):
No events

Internal exceptions (10 events):
Event: 0.246 Thread 0x0117d000 Exception <a 'java/security/PrivilegedActionException'> (0x05208f68) thrown at [C:\re\workspace\8-2-build-windows-i586-cygwin\jdk8u111\7883\hotspot\src\share\vm\prims\jvm.cpp, line 1386]
Event: 0.246 Thread 0x0117d000 Exception <a 'java/security/PrivilegedActionException'> (0x05209168) thrown at [C:\re\workspace\8-2-build-windows-i586-cygwin\jdk8u111\7883\hotspot\src\share\vm\prims\jvm.cpp, line 1386]
Event: 0.247 Thread 0x0117d000 Exception <a 'java/lang/NullPointerException'> (0x052096d0) thrown at [C:\re\workspace\8-2-build-windows-i586-cygwin\jdk8u111\7883\hotspot\src\share\vm\interpreter\linkResolver.cpp, line 1178]
Event: 0.580 Thread 0x15637c00 Exception <a 'java/lang/NoClassDefFoundError': org/apache/log4j/Category> (0x0539e8f8) thrown at [C:\re\workspace\8-2-build-windows-i586-cygwin\jdk8u111\7883\hotspot\src\share\vm\classfile\systemDictionary.cpp, line 199]
Event: 0.597 Thread 0x15637c00 Exception <a 'java/lang/UnsatisfiedLinkError': com.intel.bluetooth.BluetoothStackMicrosoft.isNativeCodeLoaded()Z> (0x054331c8) thrown at [C:\re\workspace\8-2-build-windows-i586-cygwin\jdk8u111\7883\hotspot\src\share\vm\prims\nativeLookup.cpp, line 378]
Event: 0.742 Thread 0x1560e800 Exception <a 'java/lang/NullPointerException'> (0x0538cd50) thrown at [C:\re\workspace\8-2-build-windows-i586-cygwin\jdk8u111\7883\hotspot\src\share\vm\interpreter\linkResolver.cpp, line 1178]
Event: 0.742 Thread 0x1560e800 Exception <a 'java/lang/NullPointerException'> (0x0538cd50) thrown at [C:\re\workspace\8-2-build-windows-i586-cygwin\jdk8u111\7883\hotspot\src\share\vm\prims\jvm.cpp, line 1390]
Event: 0.909 Thread 0x1560e800 Exception <a 'java/lang/ArrayIndexOutOfBoundsException': 58> (0x05358018) thrown at [C:\re\workspace\8-2-build-windows-i586-cygwin\jdk8u111\7883\hotspot\src\share\vm\interpreter\interpreterRuntime.cpp, line 366]
Event: 0.909 Thread 0x1560e800 Exception <a 'java/lang/ArrayIndexOutOfBoundsException': 18> (0x053589e0) thrown at [C:\re\workspace\8-2-build-windows-i586-cygwin\jdk8u111\7883\hotspot\src\share\vm\interpreter\interpreterRuntime.cpp, line 366]
Event: 0.909 Thread 0x1560e800 Exception <a 'java/lang/ArrayIndexOutOfBoundsException'> (0x05359b48) thrown at [C:\re\workspace\8-2-build-windows-i586-cygwin\jdk8u111\7883\hotspot\src\share\vm\runtime\sharedRuntime.cpp, line 605]

Events (10 events):
Event: 1.449 loading class javafx/scene/effect/DropShadow$4
Event: 1.449 loading class javafx/scene/effect/DropShadow$4 done
Event: 1.449 loading class javafx/scene/effect/DropShadow$5
Event: 1.449 loading class javafx/scene/effect/DropShadow$5 done
Event: 1.449 loading class javafx/scene/effect/DropShadow$6
Event: 1.449 loading class javafx/scene/effect/DropShadow$6 done
Event: 1.450 loading class javafx/scene/effect/DropShadow$1
Event: 1.450 loading class javafx/scene/effect/DropShadow$1 done
Event: 1.450 loading class com/sun/javafx/effect/EffectDirtyBits
Event: 1.450 loading class com/sun/javafx/effect/EffectDirtyBits done


Dynamic libraries:
0x00b40000 - 0x00b73000 	C:\Program Files (x86)\Java\jdk1.8.0_111\bin\javaw.exe
0x76eb0000 - 0x77033000 	C:\WINDOWS\SYSTEM32\ntdll.dll
0x75990000 - 0x75a70000 	C:\WINDOWS\System32\KERNEL32.DLL
0x76530000 - 0x766d1000 	C:\WINDOWS\System32\KERNELBASE.dll
0x73a00000 - 0x73a77000 	C:\WINDOWS\System32\ADVAPI32.dll
0x766e0000 - 0x7679e000 	C:\WINDOWS\System32\msvcrt.dll
0x75a70000 - 0x75ab1000 	C:\WINDOWS\System32\sechost.dll
0x73b20000 - 0x73be1000 	C:\WINDOWS\System32\RPCRT4.dll
0x73870000 - 0x7388e000 	C:\WINDOWS\System32\SspiCli.dll
0x75370000 - 0x7537a000 	C:\WINDOWS\System32\CRYPTBASE.dll
0x738c0000 - 0x7391a000 	C:\WINDOWS\System32\bcryptPrimitives.dll
0x76d30000 - 0x76e8f000 	C:\WINDOWS\System32\USER32.dll
0x76e90000 - 0x76ea5000 	C:\WINDOWS\System32\win32u.dll
0x73e30000 - 0x73e5b000 	C:\WINDOWS\System32\GDI32.dll
0x755e0000 - 0x7573b000 	C:\WINDOWS\System32\gdi32full.dll
0x6b3f0000 - 0x6b5fa000 	C:\WINDOWS\WinSxS\x86_microsoft.windows.common-controls_6595b64144ccf1df_6.0.14393.447_none_89c64d28dafea4b9\COMCTL32.dll
0x753c0000 - 0x755d1000 	C:\WINDOWS\System32\combase.dll
0x73920000 - 0x73a00000 	C:\WINDOWS\System32\ucrtbase.dll
0x73890000 - 0x738b5000 	C:\WINDOWS\System32\IMM32.DLL
0x68e00000 - 0x68ebf000 	C:\Program Files (x86)\Java\jdk1.8.0_111\jre\bin\msvcr100.dll
0x57d20000 - 0x580ed000 	C:\Program Files (x86)\Java\jdk1.8.0_111\jre\bin\client\jvm.dll
0x76040000 - 0x76046000 	C:\WINDOWS\System32\PSAPI.DLL
0x6f790000 - 0x6f798000 	C:\WINDOWS\SYSTEM32\WSOCK32.dll
0x72ff0000 - 0x73014000 	C:\WINDOWS\SYSTEM32\WINMM.dll
0x73860000 - 0x73868000 	C:\WINDOWS\SYSTEM32\VERSION.dll
0x767a0000 - 0x76803000 	C:\WINDOWS\System32\WS2_32.dll
0x728a0000 - 0x728c3000 	C:\WINDOWS\SYSTEM32\WINMMBASE.dll
0x73e60000 - 0x73e96000 	C:\WINDOWS\System32\cfgmgr32.dll
0x5f320000 - 0x5f32c000 	C:\Program Files (x86)\Java\jdk1.8.0_111\jre\bin\verify.dll
0x5f070000 - 0x5f091000 	C:\Program Files (x86)\Java\jdk1.8.0_111\jre\bin\java.dll
0x5f050000 - 0x5f063000 	C:\Program Files (x86)\Java\jdk1.8.0_111\jre\bin\zip.dll
0x73ea0000 - 0x75279000 	C:\WINDOWS\System32\SHELL32.dll
0x75ac0000 - 0x7602e000 	C:\WINDOWS\System32\windows.storage.dll
0x757e0000 - 0x75825000 	C:\WINDOWS\System32\powrprof.dll
0x76ae0000 - 0x76b26000 	C:\WINDOWS\System32\shlwapi.dll
0x75390000 - 0x7539d000 	C:\WINDOWS\System32\kernel.appcore.dll
0x76810000 - 0x76898000 	C:\WINDOWS\System32\shcore.dll
0x76030000 - 0x7603f000 	C:\WINDOWS\System32\profapi.dll
0x68d10000 - 0x68dfe000 	C:\Program Files (x86)\Java\jdk1.8.0_111\jre\bin\msvcr120.dll
0x68c90000 - 0x68d01000 	C:\Program Files (x86)\Java\jdk1.8.0_111\jre\bin\msvcp120.dll
0x68c70000 - 0x68c8e000 	C:\Program Files (x86)\Java\jdk1.8.0_111\jre\bin\prism_d3d.dll
0x6afd0000 - 0x6b12f000 	C:\WINDOWS\system32\d3d9.dll
0x722d0000 - 0x722ef000 	C:\WINDOWS\SYSTEM32\dwmapi.dll
0x72360000 - 0x723d5000 	C:\WINDOWS\system32\uxtheme.dll
0x636c0000 - 0x6442f000 	C:\WINDOWS\SYSTEM32\nvd3dum.dll
0x68c30000 - 0x68c63000 	C:\Program Files (x86)\Java\jdk1.8.0_111\jre\bin\glass.dll
0x73c50000 - 0x73d35000 	C:\WINDOWS\System32\COMDLG32.dll
0x73d40000 - 0x73e2a000 	C:\WINDOWS\System32\ole32.dll
0x73a80000 - 0x73b14000 	C:\WINDOWS\System32\OLEAUT32.dll
0x76050000 - 0x760cb000 	C:\WINDOWS\System32\msvcp_win.dll
0x75830000 - 0x75965000 	C:\WINDOWS\System32\MSCTF.dll
0x6aae0000 - 0x6ab21000 	C:\Program Files (x86)\TeamViewer\tv_w32.dll
0x635c0000 - 0x63681000 	C:\Program Files (x86)\NVIDIA Corporation\3D Vision\nvSCPAPI.dll
0x76120000 - 0x7652b000 	C:\WINDOWS\System32\SETUPAPI.dll
0x19f80000 - 0x19fa5000 	C:\Users\iHat3i\AppData\Local\Temp\bluecove_iHat3i_0\intelbth.dll
0x70fc0000 - 0x7100e000 	C:\WINDOWS\system32\mswsock.dll
0x5c270000 - 0x5c281000 	C:\WINDOWS\System32\wshBth.dll
0x68bc0000 - 0x68c2a000 	C:\WINDOWS\SYSTEM32\irprops.cpl
0x68ba0000 - 0x68bbc000 	C:\WINDOWS\SYSTEM32\BluetoothApis.dll
0x73770000 - 0x73792000 	C:\WINDOWS\SYSTEM32\DEVOBJ.dll
0x68b80000 - 0x68b91000 	C:\Program Files (x86)\Java\jdk1.8.0_111\jre\bin\javafx_font.dll
0x5c2d0000 - 0x5c4c5000 	C:\WINDOWS\SYSTEM32\dwrite.dll
0x76b30000 - 0x76bb4000 	C:\WINDOWS\System32\clbcatq.dll
0x6ab50000 - 0x6acbe000 	C:\WINDOWS\SYSTEM32\WindowsCodecs.dll
0x6a8d0000 - 0x6a914000 	C:\WINDOWS\system32\dataexchange.dll
0x6b1c0000 - 0x6b3ef000 	C:\WINDOWS\system32\d3d11.dll
0x6a7b0000 - 0x6a8c3000 	C:\WINDOWS\system32\dcomp.dll
0x6b130000 - 0x6b1b4000 	C:\WINDOWS\system32\dxgi.dll
0x6a6b0000 - 0x6a7a1000 	C:\WINDOWS\system32\twinapi.appcore.dll
0x737d0000 - 0x737eb000 	C:\WINDOWS\system32\bcrypt.dll
0x68b50000 - 0x68b75000 	C:\Program Files (x86)\Common Files\Microsoft Shared\Ink\rtscom.dll

VM Arguments:
jvm_args: -Dfile.encoding=Cp1252 
java_command: UI.Main
java_class_path (initial): C:\prensentation-helper\RemoteBluetoothServer\bin;C:\Users\iHat3i\Documents\eclipse\plugins\org.eclipse.fx.ide.css.jfx8_2.3.0.201603030809.jar;C:\prensentation-helper\RemoteBluetoothServer\lib\com4j-20120426-2\tlbimp.jar;C:\prensentation-helper\RemoteBluetoothServer\lib\com4j-20120426-2\args4j-2.0.1.jar;C:\prensentation-helper\RemoteBluetoothServer\lib\com4j-20120426-2\com4j.jar;C:\prensentation-helper\RemoteBluetoothServer\lib\BlueCove\bluecove-2.1.1-SNAPSHOT.jar;C:\prensentation-helper\RemoteBluetoothServer\lib\Apache\commons-io-2.5\commons-io-2.5.jar;C:\prensentation-helper\RemoteBluetoothServer\lib\Apache\poi-bin-3.15-20160924\poi-3.15\poi-3.15.jar;C:\prensentation-helper\RemoteBluetoothServer\lib\Apache\poi-bin-3.15-20160924\poi-3.15\poi-scratchpad-3.15.jar;C:\prensentation-helper\RemoteBluetoothServer\lib\Apache\poi-bin-3.15-20160924\poi-3.15\poi-ooxml-schemas-3.15.jar;C:\prensentation-helper\RemoteBluetoothServer\lib\Apache\poi-bin-3.15-20160924\poi-3.15\poi-ooxml-3.15.jar;C:\prensentation-helper\RemoteBluetoothServer\lib\Apache\poi-bin-3.15-20160924\poi-3.15\poi-excelant-3.15.jar;C:\prensentation-helper\RemoteBluetoothServer\lib\Apache\poi-bin-3.15-20160924\poi-3.15\ooxml-lib\curvesapi-1.04.jar;C:\prensentation-helper\RemoteBluetoothServer\lib\Apache\poi-bin-3.15-20160924\poi-3.15\ooxml-lib\xmlbeans-2.6.0.jar;C:\prensentation-helper\RemoteBluetoothServer\lib\comPowerPoint.jar;C:\prensentation-helper\RemoteBluetoothServer\lib\Controlfx\controlsfx-8.40.12.jar
Launcher Type: SUN_STANDARD

Environment Variables:
PATH=C:/Program Files (x86)/Java/jdk1.8.0_111/bin/../jre/bin/client;C:/Program Files (x86)/Java/jdk1.8.0_111/bin/../jre/bin;C:/Program Files (x86)/Java/jdk1.8.0_111/bin/../jre/lib/i386;C:\Program Files (x86)\Java\jdk1.8.0_111\bin;C:\WINDOWS\system32;C:\WINDOWS;C:\WINDOWS\System32\Wbem;C:\WINDOWS\System32\WindowsPowerShell\v1.0\;C:\Program Files (x86)\Skype\Phone\;C:\Program Files\Git\cmd;C:\Program Files (x86)\Druide\Antidote 8\Programmes64\;C:\Program Files (x86)\Druide\Antidote 8\Programmes32\;c:\Program Files (x86)\Microsoft SQL Server\100\Tools\Binn\;c:\Program Files\Microsoft SQL Server\100\Tools\Binn\;c:\Program Files\Microsoft SQL Server\100\DTS\Binn\;C:\Program Files (x86)\Brackets\command;C:\Users\iHat3i\.dnx\bin;C:\Program Files\Microsoft DNX\Dnvm\;C:\Program Files\Microsoft SQL Server\130\Tools\Binn\;C:\Program Files (x86)\Common Files\Acronis\VirtualFile\;C:\Program Files (x86)\Common Files\Acronis\VirtualFile64\;C:\Program Files (x86)\Common Files\Acronis\SnapAPI\;C:\Users\iHat3i\AppData\Local\Microsoft\WindowsApps;C:\Windows\Microsoft.NET\Framework\v4.0.30319;C:\Program Files (x86)\Microsoft Emulator Manager\1.0\;C:\Users\iHat3i\Documents\eclipse;
USERNAME=iHat3i
OS=Windows_NT
PROCESSOR_IDENTIFIER=Intel64 Family 6 Model 42 Stepping 7, GenuineIntel



---------------  S Y S T E M  ---------------

OS: Windows 10.0 , 64 bit Build 14393 (10.0.14393.0)

CPU:total 8 (4 cores per cpu, 2 threads per core) family 6 model 42 stepping 7, cmov, cx8, fxsr, mmx, sse, sse2, sse3, ssse3, sse4.1, sse4.2, popcnt, avx, aes, clmul, ht, tsc, tscinvbit

Memory: 4k page, physical 8333284k(1362604k free), swap 8333284k(5124k free)

vm_info: Java HotSpot(TM) Client VM (25.111-b14) for windows-x86 JRE (1.8.0_111-b14), built on Sep 22 2016 18:54:33 by "java_re" with MS VC++ 10.0 (VS2010)

time: Thu Jan 12 11:14:26 2017
elapsed time: 1 seconds (0d 0h 0m 1s)

